[quynhtho.myportfolio.com/work.html]
[backblue.gif]
[fade.gif]
[index.html]
[cdn.myportfolio.com/762b3ba1-abe9-4cc6-9e5f-e1cfdd9f9e7a/47c7ddf7-bf63-45bc-80a4-ef76e418eee0_rwc_270x0x1382x1081x1382920f.png]
[quynhtho.myportfolio.com/dist/css/main.css]
[use.typekit.net/ik/H0mym5NzpVsnEJ1WWGEm_DC4YhiFisyOHEo-6K4BQMIfen3gfHYEBsJzwD9oFDIDWDgRjQByFhbuwRiKwQbh5AsKFAIUwRJX5AIoZeJhjDJDFQwDjA9owh9-mkG0dW83da4XZcNC-Av0jhNlOfG0SY4zwKuh-AmaOcuoS]
[quynhtho.myportfolio.com/yotsubii-portfolio.html]
[quynhtho.myportfolio.com/contact.html]
[quynhtho.myportfolio.com/about-me.html]
[quynhtho.myportfolio.com/some-freelance-projects.html]
[cdn.myportfolio.com/762b3ba1-abe9-4cc6-9e5f-e1cfdd9f9e7a/47c7ddf7-bf63-45bc-80a4-ef76e418eee0_rwc_270x0x1382x1081x3245a7.png]
[quynhtho.myportfolio.com/guardians-of-the-pyramids-personal-project.html]
[cdn.myportfolio.com/762b3ba1-abe9-4cc6-9e5f-e1cfdd9f9e7a/4b4d510f-bfa8-4fd6-b413-212f177557ad_rwc_18x0x1381x1080x326e26.png]
[quynhtho.myportfolio.com/personal-project-character-design-lhamo-dawa.html]
[cdn.myportfolio.com/762b3ba1-abe9-4cc6-9e5f-e1cfdd9f9e7a/3fb1c87e-1b1f-4df5-8282-c8ddcfe9314a_rwc_441x149x1215x950x32e341.png]
[quynhtho.myportfolio.com/project-j-story-cute-heroes.html]
[cdn.myportfolio.com/762b3ba1-abe9-4cc6-9e5f-e1cfdd9f9e7a/7a5f2071-82b2-4eb2-9069-6e5f7e3eff62_rwc_66x283x1039x812x321611.png]
[quynhtho.myportfolio.com/project-j-story-cute-enemies.html]
[cdn.myportfolio.com/762b3ba1-abe9-4cc6-9e5f-e1cfdd9f9e7a/fb0997ab-da25-485a-9dde-0e03c8813dae_rwc_238x0x1381x1080x32233a.png]
[quynhtho.myportfolio.com/project-jstory-items.html]
[cdn.myportfolio.com/762b3ba1-abe9-4cc6-9e5f-e1cfdd9f9e7a/7a2bfa5f-30e7-4fd8-8a31-6f3d854517be_rwc_270x0x1381x1080x3265aa.png]
[quynhtho.myportfolio.com/project-live-breeder.html]
[cdn.myportfolio.com/762b3ba1-abe9-4cc6-9e5f-e1cfdd9f9e7a/9b6f86e5-03b6-4075-9009-98ca82d1952a_rwc_55x192x943x737x3228c6.png]
[quynhtho.myportfolio.com/project-gumi-game.html]
[cdn.myportfolio.com/762b3ba1-abe9-4cc6-9e5f-e1cfdd9f9e7a/47e91e18-6ccf-47c3-8ed2-a44584974769_rwc_709x464x319x249x3239c7.png]
[quynhtho.myportfolio.com/project-naruto.html]
[cdn.myportfolio.com/762b3ba1-abe9-4cc6-9e5f-e1cfdd9f9e7a/0008183f-9963-42a8-b71e-b3bed0c258db_carw_202x158x32f46e.png]
[quynhtho.myportfolio.com/project-expressions-for-character.html]
[cdn.myportfolio.com/762b3ba1-abe9-4cc6-9e5f-e1cfdd9f9e7a/4761b502-a473-4743-9c71-7a686b1d41ae_carw_202x158x32ad55.png]
[quynhtho.myportfolio.com/project-whitenoize.html]
[cdn.myportfolio.com/762b3ba1-abe9-4cc6-9e5f-e1cfdd9f9e7a/469f01de-9648-43d4-b745-144b4a851d25_carw_202x158x32587b.png]
[quynhtho.myportfolio.com/personal-project-illustration.html]
[cdn.myportfolio.com/762b3ba1-abe9-4cc6-9e5f-e1cfdd9f9e7a/f0bc9331-f2c8-4c74-bd91-f2ec69a4dbae_rwc_1312x3225x2274x1777x327e5c.png]
[quynhtho.myportfolio.com/project-puzzle-game-tsubaraya.html]
[cdn.myportfolio.com/762b3ba1-abe9-4cc6-9e5f-e1cfdd9f9e7a/3ded6666-0fa8-47d2-93ae-269e930809bf_carw_202x158x3251dc.png]
[quynhtho.myportfolio.com/product-photography-the-gom-house.html]
[cdn.myportfolio.com/762b3ba1-abe9-4cc6-9e5f-e1cfdd9f9e7a/1084308c-8225-4311-a06b-ecbacd78f015_carw_202x158x3254b1.png]
[quynhtho.myportfolio.com/logo-uiux-design-dospon-app.html]
[cdn.myportfolio.com/762b3ba1-abe9-4cc6-9e5f-e1cfdd9f9e7a/14a4a78c-698f-41a1-92b8-146d351d0923_carw_202x158x329d80.png]
[quynhtho.myportfolio.com/site/translationsaf16]
[quynhtho.myportfolio.com/work.html]
[quynhtho.myportfolio.com/dist/css/main.css]
[cdn.myportfolio.com/762b3ba1-abe9-4cc6-9e5f-e1cfdd9f9e7a/9f311f818c4d7325107542eb31635b59174544710690b3.css]
[quynhtho.myportfolio.com/dist/js/mainaf16.js]
[use.typekit.net/ik/H0mym5NzpVsnEJ1WWGEm_DC4YhiFisyOHEo-6K4BQMIfen3gfHYEBsJzwD9oFDIDWDgRjQByFhbuwRiKwQbh5AsKFAIUwRJX5AIoZeJhjDJDFQwDjA9owh9-mkG0dW83da4XZcNC-Av0jhNlOfG0SY4zwKuh-AmaOcuoS-2]
[quynhtho.myportfolio.com/site/translations5546]
[quynhtho.myportfolio.com/yotsubii-portfolio.html]
[quynhtho.myportfolio.com/dist/js/main5546.js]
[quynhtho.myportfolio.com/contact.html]
[quynhtho.myportfolio.com/about-me.html]
[cdn.myportfolio.com/762b3ba1-abe9-4cc6-9e5f-e1cfdd9f9e7a/ff1f042f-1de0-488b-b9a0-63ace30a5b17555f.png]
[cdn.myportfolio.com/762b3ba1-abe9-4cc6-9e5f-e1cfdd9f9e7a/ff1f042f-1de0-488b-b9a0-63ace30a5b17_rw_19206fab.png]
[cdn.myportfolio.com/762b3ba1-abe9-4cc6-9e5f-e1cfdd9f9e7a/0e865bee-a660-493c-9aa3-26fd8e44a8a8574e.png]
[cdn.myportfolio.com/762b3ba1-abe9-4cc6-9e5f-e1cfdd9f9e7a/0e865bee-a660-493c-9aa3-26fd8e44a8a8_rw_19203d4a.png]
[cdn.myportfolio.com/762b3ba1-abe9-4cc6-9e5f-e1cfdd9f9e7a/01995c63-e455-4d25-9697-e59b204331c1c77c.png]
[cdn.myportfolio.com/762b3ba1-abe9-4cc6-9e5f-e1cfdd9f9e7a/01995c63-e455-4d25-9697-e59b204331c1_rw_1920869f.png]
[cdn.myportfolio.com/762b3ba1-abe9-4cc6-9e5f-e1cfdd9f9e7a/89b3808a-b7d4-4fe2-8cea-94139be3a89f5bd2.png]
[cdn.myportfolio.com/762b3ba1-abe9-4cc6-9e5f-e1cfdd9f9e7a/89b3808a-b7d4-4fe2-8cea-94139be3a89f_rw_192021d8.png]
[cdn.myportfolio.com/762b3ba1-abe9-4cc6-9e5f-e1cfdd9f9e7a/435423f5-fa9e-4848-bc78-ea3932549da40248.png]
[cdn.myportfolio.com/762b3ba1-abe9-4cc6-9e5f-e1cfdd9f9e7a/435423f5-fa9e-4848-bc78-ea3932549da4_rw_1920b789.png]
[cdn.myportfolio.com/762b3ba1-abe9-4cc6-9e5f-e1cfdd9f9e7a/5a41d2d1-2121-4616-ab13-4b47563eb3dcd184.jpg]
[cdn.myportfolio.com/762b3ba1-abe9-4cc6-9e5f-e1cfdd9f9e7a/5a41d2d1-2121-4616-ab13-4b47563eb3dc_rw_120049ba.jpg]
[cdn.myportfolio.com/762b3ba1-abe9-4cc6-9e5f-e1cfdd9f9e7a/6c1ce5f7-7c6f-4bc3-bc70-a4461d008850fd12.png]
[cdn.myportfolio.com/762b3ba1-abe9-4cc6-9e5f-e1cfdd9f9e7a/6c1ce5f7-7c6f-4bc3-bc70-a4461d008850_rw_1920fb5f.png]
[cdn.myportfolio.com/762b3ba1-abe9-4cc6-9e5f-e1cfdd9f9e7a/d3bb565a-9672-4706-9955-d106411e2d8754ca.png]
[cdn.myportfolio.com/762b3ba1-abe9-4cc6-9e5f-e1cfdd9f9e7a/d3bb565a-9672-4706-9955-d106411e2d87_rw_1920c5ef.png]
[cdn.myportfolio.com/762b3ba1-abe9-4cc6-9e5f-e1cfdd9f9e7a/903ecbb2-7a98-44c2-af38-41d76544f4433209.png]
[cdn.myportfolio.com/762b3ba1-abe9-4cc6-9e5f-e1cfdd9f9e7a/903ecbb2-7a98-44c2-af38-41d76544f443_rw_19208881.png]
[quynhtho.myportfolio.com/some-freelance-projects.html]
[cdn.myportfolio.com/762b3ba1-abe9-4cc6-9e5f-e1cfdd9f9e7a/4b4d510f-bfa8-4fd6-b413-212f177557ad_rwc_18x0x1381x1080x138163ae.png]
[cdn.myportfolio.com/762b3ba1-abe9-4cc6-9e5f-e1cfdd9f9e7a/7c3c38f3-bbdc-4029-bc95-07c674f1b2655ed4.png]
[cdn.myportfolio.com/762b3ba1-abe9-4cc6-9e5f-e1cfdd9f9e7a/7c3c38f3-bbdc-4029-bc95-07c674f1b265_rw_600e82a.png]
[cdn.myportfolio.com/762b3ba1-abe9-4cc6-9e5f-e1cfdd9f9e7a/84762e8e-3a8c-4db4-9e9e-ecf430354ff01cbc.png]
[cdn.myportfolio.com/762b3ba1-abe9-4cc6-9e5f-e1cfdd9f9e7a/84762e8e-3a8c-4db4-9e9e-ecf430354ff0_rw_19201b80.png]
[cdn.myportfolio.com/762b3ba1-abe9-4cc6-9e5f-e1cfdd9f9e7a/3fad668a-4c9e-492c-9967-f70069e9a59933f2.png]
[cdn.myportfolio.com/762b3ba1-abe9-4cc6-9e5f-e1cfdd9f9e7a/3fad668a-4c9e-492c-9967-f70069e9a599_rw_1920207f.png]
[cdn.myportfolio.com/762b3ba1-abe9-4cc6-9e5f-e1cfdd9f9e7a/7528f941-c45a-40f2-96f6-461255eadf0020b7.png]
[cdn.myportfolio.com/762b3ba1-abe9-4cc6-9e5f-e1cfdd9f9e7a/7528f941-c45a-40f2-96f6-461255eadf00_rw_384072a5.png]
[cdn.myportfolio.com/762b3ba1-abe9-4cc6-9e5f-e1cfdd9f9e7a/3fe20ca1-ef7c-498c-a7c4-05eb9443682d82af.png]
[cdn.myportfolio.com/762b3ba1-abe9-4cc6-9e5f-e1cfdd9f9e7a/3fe20ca1-ef7c-498c-a7c4-05eb9443682d_rw_3840527b.png]
[quynhtho.myportfolio.com/guardians-of-the-pyramids-personal-project.html]
[cdn.myportfolio.com/762b3ba1-abe9-4cc6-9e5f-e1cfdd9f9e7a/3fb1c87e-1b1f-4df5-8282-c8ddcfe9314a_rwc_441x149x1215x950x1215ee7b.png]
[cdn.myportfolio.com/762b3ba1-abe9-4cc6-9e5f-e1cfdd9f9e7a/133a6fc4-4021-49e4-a318-05a71165ef99e7d5.png]
[cdn.myportfolio.com/762b3ba1-abe9-4cc6-9e5f-e1cfdd9f9e7a/133a6fc4-4021-49e4-a318-05a71165ef99_rw_3840691c.png]
[cdn.myportfolio.com/762b3ba1-abe9-4cc6-9e5f-e1cfdd9f9e7a/d5f8d785-59d0-4d05-a577-89411709065bb712.png]
[cdn.myportfolio.com/762b3ba1-abe9-4cc6-9e5f-e1cfdd9f9e7a/d5f8d785-59d0-4d05-a577-89411709065b_rw_3840000d.png]
[quynhtho.myportfolio.com/personal-project-character-design-lhamo-dawa.html]
[cdn.myportfolio.com/762b3ba1-abe9-4cc6-9e5f-e1cfdd9f9e7a/7a5f2071-82b2-4eb2-9069-6e5f7e3eff62_rwc_66x283x1039x812x10395876.png]
[cdn.myportfolio.com/762b3ba1-abe9-4cc6-9e5f-e1cfdd9f9e7a/a6669051-6a5d-4b2f-9e14-0bab1833bdfb88df.png]
[cdn.myportfolio.com/762b3ba1-abe9-4cc6-9e5f-e1cfdd9f9e7a/a6669051-6a5d-4b2f-9e14-0bab1833bdfb_rw_12002c84.png]
[cdn.myportfolio.com/762b3ba1-abe9-4cc6-9e5f-e1cfdd9f9e7a/1028031d-6f1a-4071-9b92-232b26839f3fca79.png]
[cdn.myportfolio.com/762b3ba1-abe9-4cc6-9e5f-e1cfdd9f9e7a/1028031d-6f1a-4071-9b92-232b26839f3f_rw_12006df5.png]
[cdn.myportfolio.com/762b3ba1-abe9-4cc6-9e5f-e1cfdd9f9e7a/46df4428-295e-44d7-86df-f323c3a4aaeb3f9f.png]
[cdn.myportfolio.com/762b3ba1-abe9-4cc6-9e5f-e1cfdd9f9e7a/46df4428-295e-44d7-86df-f323c3a4aaeb_rw_192052fe.png]
[quynhtho.myportfolio.com/project-j-story-cute-heroes.html]
[cdn.myportfolio.com/762b3ba1-abe9-4cc6-9e5f-e1cfdd9f9e7a/fb0997ab-da25-485a-9dde-0e03c8813dae_rwc_238x0x1381x1080x1381715c.png]
[cdn.myportfolio.com/762b3ba1-abe9-4cc6-9e5f-e1cfdd9f9e7a/fec3b341-85a9-4c8e-b817-e59cc07014ad91b1.png]
[cdn.myportfolio.com/762b3ba1-abe9-4cc6-9e5f-e1cfdd9f9e7a/fec3b341-85a9-4c8e-b817-e59cc07014ad_rw_19200681.png]
[cdn.myportfolio.com/762b3ba1-abe9-4cc6-9e5f-e1cfdd9f9e7a/88aa9280-1bf2-41f3-a12b-607c659a420b3b00.png]
[cdn.myportfolio.com/762b3ba1-abe9-4cc6-9e5f-e1cfdd9f9e7a/88aa9280-1bf2-41f3-a12b-607c659a420b_rw_1920641e.png]
[cdn.myportfolio.com/762b3ba1-abe9-4cc6-9e5f-e1cfdd9f9e7a/581d2f71-31f0-4057-88f7-69c6bc74cde505bb.png]
[cdn.myportfolio.com/762b3ba1-abe9-4cc6-9e5f-e1cfdd9f9e7a/581d2f71-31f0-4057-88f7-69c6bc74cde5_rw_192003a6.png]
[cdn.myportfolio.com/762b3ba1-abe9-4cc6-9e5f-e1cfdd9f9e7a/07f3e431-5f17-4511-bc66-41add5a74ff9f5a6.png]
[cdn.myportfolio.com/762b3ba1-abe9-4cc6-9e5f-e1cfdd9f9e7a/07f3e431-5f17-4511-bc66-41add5a74ff9_rw_3840f8d1.png]
[cdn.myportfolio.com/762b3ba1-abe9-4cc6-9e5f-e1cfdd9f9e7a/26333c51-d9c6-4946-8535-734534b82ea885d2.png]
[cdn.myportfolio.com/762b3ba1-abe9-4cc6-9e5f-e1cfdd9f9e7a/26333c51-d9c6-4946-8535-734534b82ea8_rw_19206848.png]
[cdn.myportfolio.com/762b3ba1-abe9-4cc6-9e5f-e1cfdd9f9e7a/35e8d0b5-e124-4001-8925-ca06c5a5595fca61.png]
[cdn.myportfolio.com/762b3ba1-abe9-4cc6-9e5f-e1cfdd9f9e7a/35e8d0b5-e124-4001-8925-ca06c5a5595f_rw_1920e3f5.png]
[quynhtho.myportfolio.com/project-j-story-cute-enemies.html]
[cdn.myportfolio.com/762b3ba1-abe9-4cc6-9e5f-e1cfdd9f9e7a/7a2bfa5f-30e7-4fd8-8a31-6f3d854517be_rwc_270x0x1381x1080x1381ad11.png]
[cdn.myportfolio.com/762b3ba1-abe9-4cc6-9e5f-e1cfdd9f9e7a/6353cf37-1ea7-4987-a910-3e83c9f6d6afacc0.png]
[cdn.myportfolio.com/762b3ba1-abe9-4cc6-9e5f-e1cfdd9f9e7a/6353cf37-1ea7-4987-a910-3e83c9f6d6af_rw_1920799f.png]
[cdn.myportfolio.com/762b3ba1-abe9-4cc6-9e5f-e1cfdd9f9e7a/7899fa3d-883e-47fb-822d-e16ca5b040aeb6ef.png]
[cdn.myportfolio.com/762b3ba1-abe9-4cc6-9e5f-e1cfdd9f9e7a/7899fa3d-883e-47fb-822d-e16ca5b040ae_rw_1920020d.png]
[cdn.myportfolio.com/762b3ba1-abe9-4cc6-9e5f-e1cfdd9f9e7a/dde057e1-ff8f-45a5-8224-4d2bd91f5034214e.png]
[cdn.myportfolio.com/762b3ba1-abe9-4cc6-9e5f-e1cfdd9f9e7a/dde057e1-ff8f-45a5-8224-4d2bd91f5034_rw_1920c4b9.png]
[cdn.myportfolio.com/762b3ba1-abe9-4cc6-9e5f-e1cfdd9f9e7a/f3802b83-eace-4cbb-a07f-d740efca55e18773.png]
[cdn.myportfolio.com/762b3ba1-abe9-4cc6-9e5f-e1cfdd9f9e7a/f3802b83-eace-4cbb-a07f-d740efca55e1_rw_19200283.png]
[cdn.myportfolio.com/762b3ba1-abe9-4cc6-9e5f-e1cfdd9f9e7a/dd87017b-c10e-44eb-b87d-be90280c16bbd1b7.png]
[cdn.myportfolio.com/762b3ba1-abe9-4cc6-9e5f-e1cfdd9f9e7a/dd87017b-c10e-44eb-b87d-be90280c16bb_rw_19201aee.png]
[quynhtho.myportfolio.com/project-jstory-items.html]
[cdn.myportfolio.com/762b3ba1-abe9-4cc6-9e5f-e1cfdd9f9e7a/9b6f86e5-03b6-4075-9009-98ca82d1952a_rwc_55x192x943x737x9432efd.png]
[cdn.myportfolio.com/762b3ba1-abe9-4cc6-9e5f-e1cfdd9f9e7a/907cfaf5-f410-42d3-8f34-cd76d3ea002c19cf.png]
[cdn.myportfolio.com/762b3ba1-abe9-4cc6-9e5f-e1cfdd9f9e7a/907cfaf5-f410-42d3-8f34-cd76d3ea002c_rw_19203689.png]
[cdn.myportfolio.com/762b3ba1-abe9-4cc6-9e5f-e1cfdd9f9e7a/07afef4c-a79c-42b7-9193-42cd13a73d05d211.png]
[cdn.myportfolio.com/762b3ba1-abe9-4cc6-9e5f-e1cfdd9f9e7a/07afef4c-a79c-42b7-9193-42cd13a73d05_rw_1920f6a2.png]
[quynhtho.myportfolio.com/project-live-breeder.html]
[cdn.myportfolio.com/762b3ba1-abe9-4cc6-9e5f-e1cfdd9f9e7a/47e91e18-6ccf-47c3-8ed2-a44584974769_rwc_709x464x319x249x319f9b4.png]
[cdn.myportfolio.com/762b3ba1-abe9-4cc6-9e5f-e1cfdd9f9e7a/4275be85-74dd-499d-a5fa-405cfffa7304be7b.png]
[cdn.myportfolio.com/762b3ba1-abe9-4cc6-9e5f-e1cfdd9f9e7a/4275be85-74dd-499d-a5fa-405cfffa7304_rw_1920a24d.png]
[cdn.myportfolio.com/762b3ba1-abe9-4cc6-9e5f-e1cfdd9f9e7a/3ac0acaf-c221-4727-b984-abeb6d2d8728fc30.png]
[cdn.myportfolio.com/762b3ba1-abe9-4cc6-9e5f-e1cfdd9f9e7a/3ac0acaf-c221-4727-b984-abeb6d2d8728_rw_1920f394.png]
[cdn.myportfolio.com/762b3ba1-abe9-4cc6-9e5f-e1cfdd9f9e7a/1ecb5ac6-27be-4ab4-8b19-67cbc6ecbe33876c.png]
[cdn.myportfolio.com/762b3ba1-abe9-4cc6-9e5f-e1cfdd9f9e7a/1ecb5ac6-27be-4ab4-8b19-67cbc6ecbe33_rw_1920a040.png]
[cdn.myportfolio.com/762b3ba1-abe9-4cc6-9e5f-e1cfdd9f9e7a/e7c75ac1-2403-4331-87ca-1845831f34504b74.png]
[cdn.myportfolio.com/762b3ba1-abe9-4cc6-9e5f-e1cfdd9f9e7a/e7c75ac1-2403-4331-87ca-1845831f3450_rw_19207c8a.png]
[quynhtho.myportfolio.com/project-gumi-game.html]
[cdn.myportfolio.com/762b3ba1-abe9-4cc6-9e5f-e1cfdd9f9e7a/0008183f-9963-42a8-b71e-b3bed0c258db_car_202x1589c13.png]
[cdn.myportfolio.com/762b3ba1-abe9-4cc6-9e5f-e1cfdd9f9e7a/38e9bf4c-3dff-49b8-9cfd-944acfde3e9e01c5.png]
[cdn.myportfolio.com/762b3ba1-abe9-4cc6-9e5f-e1cfdd9f9e7a/38e9bf4c-3dff-49b8-9cfd-944acfde3e9e_rw_1920acfe.png]
[quynhtho.myportfolio.com/project-naruto.html]
[cdn.myportfolio.com/762b3ba1-abe9-4cc6-9e5f-e1cfdd9f9e7a/4761b502-a473-4743-9c71-7a686b1d41ae_car_202x158fa8c.png]
[cdn.myportfolio.com/762b3ba1-abe9-4cc6-9e5f-e1cfdd9f9e7a/5e4f5c0f-dbcf-4548-a06f-fd6e498c81868fb3.png]
[cdn.myportfolio.com/762b3ba1-abe9-4cc6-9e5f-e1cfdd9f9e7a/5e4f5c0f-dbcf-4548-a06f-fd6e498c8186_rw_19200bc1.png]
[quynhtho.myportfolio.com/project-expressions-for-character.html]
[cdn.myportfolio.com/762b3ba1-abe9-4cc6-9e5f-e1cfdd9f9e7a/469f01de-9648-43d4-b745-144b4a851d25_car_202x1583231.png]
[cdn.myportfolio.com/762b3ba1-abe9-4cc6-9e5f-e1cfdd9f9e7a/bb7280f1-c183-448b-996d-afcb9e919bcea6b8.png]
[cdn.myportfolio.com/762b3ba1-abe9-4cc6-9e5f-e1cfdd9f9e7a/bb7280f1-c183-448b-996d-afcb9e919bce_rw_38406f74.png]
[quynhtho.myportfolio.com/project-whitenoize.html]
[cdn.myportfolio.com/762b3ba1-abe9-4cc6-9e5f-e1cfdd9f9e7a/f0bc9331-f2c8-4c74-bd91-f2ec69a4dbae_rwc_1312x3225x2274x1777x2274d01f.png]
[cdn.myportfolio.com/762b3ba1-abe9-4cc6-9e5f-e1cfdd9f9e7a/c0a3c879-fcee-409f-a7a2-69ad2cc99d7913c2.png]
[cdn.myportfolio.com/762b3ba1-abe9-4cc6-9e5f-e1cfdd9f9e7a/c0a3c879-fcee-409f-a7a2-69ad2cc99d79_rw_192028f6.png]
[cdn.myportfolio.com/762b3ba1-abe9-4cc6-9e5f-e1cfdd9f9e7a/0491e2cd-1d83-4adb-b1d2-009f9251e038ebd7.png]
[cdn.myportfolio.com/762b3ba1-abe9-4cc6-9e5f-e1cfdd9f9e7a/0491e2cd-1d83-4adb-b1d2-009f9251e038_rw_1920ca83.png]
[cdn.myportfolio.com/762b3ba1-abe9-4cc6-9e5f-e1cfdd9f9e7a/092d7ddf-8404-4b0b-aacd-3f85d4b947db2e59.png]
[cdn.myportfolio.com/762b3ba1-abe9-4cc6-9e5f-e1cfdd9f9e7a/092d7ddf-8404-4b0b-aacd-3f85d4b947db_rw_38402897.png]
[quynhtho.myportfolio.com/personal-project-illustration.html]
[cdn.myportfolio.com/762b3ba1-abe9-4cc6-9e5f-e1cfdd9f9e7a/3ded6666-0fa8-47d2-93ae-269e930809bf_car_202x158c41c.png]
[cdn.myportfolio.com/762b3ba1-abe9-4cc6-9e5f-e1cfdd9f9e7a/5da5e475-77e2-4287-b385-cbcb9d38b211f8f8.png]
[cdn.myportfolio.com/762b3ba1-abe9-4cc6-9e5f-e1cfdd9f9e7a/5da5e475-77e2-4287-b385-cbcb9d38b211_rw_3840ebff.png]
[quynhtho.myportfolio.com/project-puzzle-game-tsubaraya.html]
[cdn.myportfolio.com/762b3ba1-abe9-4cc6-9e5f-e1cfdd9f9e7a/1084308c-8225-4311-a06b-ecbacd78f015_car_202x15825bd.png]
[cdn.myportfolio.com/762b3ba1-abe9-4cc6-9e5f-e1cfdd9f9e7a/490a3951-0ad5-422e-a5e5-24f8dd2777438ffe.png]
[cdn.myportfolio.com/762b3ba1-abe9-4cc6-9e5f-e1cfdd9f9e7a/490a3951-0ad5-422e-a5e5-24f8dd277743_rw_19202c18.png]
[cdn.myportfolio.com/762b3ba1-abe9-4cc6-9e5f-e1cfdd9f9e7a/c6460cb7-f03a-4ca4-8cd6-aebd3e942fbd100a.png]
[cdn.myportfolio.com/762b3ba1-abe9-4cc6-9e5f-e1cfdd9f9e7a/c6460cb7-f03a-4ca4-8cd6-aebd3e942fbd_rw_1200b5c2.png]
[quynhtho.myportfolio.com/product-photography-the-gom-house.html]
[cdn.myportfolio.com/762b3ba1-abe9-4cc6-9e5f-e1cfdd9f9e7a/14a4a78c-698f-41a1-92b8-146d351d0923_car_202x1584c40.png]
[cdn.myportfolio.com/762b3ba1-abe9-4cc6-9e5f-e1cfdd9f9e7a/81fd2a4a-cb05-4874-a874-b5f2904b900e278b.png]
[cdn.myportfolio.com/762b3ba1-abe9-4cc6-9e5f-e1cfdd9f9e7a/81fd2a4a-cb05-4874-a874-b5f2904b900e_rw_19200ec9.png]
[cdn.myportfolio.com/762b3ba1-abe9-4cc6-9e5f-e1cfdd9f9e7a/94092b34-cdc3-47ee-9eae-181665a2276fdc50.png]
[cdn.myportfolio.com/762b3ba1-abe9-4cc6-9e5f-e1cfdd9f9e7a/94092b34-cdc3-47ee-9eae-181665a2276f_rw_1920f815.png]
[cdn.myportfolio.com/762b3ba1-abe9-4cc6-9e5f-e1cfdd9f9e7a/2871090a-9f22-4b59-a7f9-d90a6313cce16d50.png]
[cdn.myportfolio.com/762b3ba1-abe9-4cc6-9e5f-e1cfdd9f9e7a/2871090a-9f22-4b59-a7f9-d90a6313cce1_rw_1920d21b.png]
[cdn.myportfolio.com/762b3ba1-abe9-4cc6-9e5f-e1cfdd9f9e7a/13c34808-9e51-47e3-95a3-a7b0adff7009eee4.png]
[cdn.myportfolio.com/762b3ba1-abe9-4cc6-9e5f-e1cfdd9f9e7a/13c34808-9e51-47e3-95a3-a7b0adff7009_rw_3840fb74.png]
[cdn.myportfolio.com/762b3ba1-abe9-4cc6-9e5f-e1cfdd9f9e7a/87695e90-d8a3-4512-8169-8454b677183acb98.png]
[cdn.myportfolio.com/762b3ba1-abe9-4cc6-9e5f-e1cfdd9f9e7a/87695e90-d8a3-4512-8169-8454b677183a_rw_19205a0f.png]
[quynhtho.myportfolio.com/logo-uiux-design-dospon-app.html]
[cdn.myportfolio.com/762b3ba1-abe9-4cc6-9e5f-e1cfdd9f9e7a/241adc6b3611135a4115391a151f46271745447106df09.css]
[cdn.myportfolio.com/762b3ba1-abe9-4cc6-9e5f-e1cfdd9f9e7a/7c9b2a137bee2e005f2776c1738c230e1745447106791a.css]
[cdn.myportfolio.com/762b3ba1-abe9-4cc6-9e5f-e1cfdd9f9e7a/717829a48b5fad64747b7bf2f577ae731745447106dc04.css]
[cdn.myportfolio.com/762b3ba1-abe9-4cc6-9e5f-e1cfdd9f9e7a/b13f71ed573afd8e8fad7539575eef7a17454471069202.css]
[cdn.myportfolio.com/762b3ba1-abe9-4cc6-9e5f-e1cfdd9f9e7a/ffeb53c1ab98d6cd06777e78741df6ba174544710673fe.css]
